Manobal/unityLibrary/build/intermediates/manifest_merge_blame_file/debug/manifest-merger-blame-debug-report.txt
1<?xml version="1.0" encoding="utf-8"?>
2<!-- GENERATED BY UNITY. REMOVE THIS COMMENT TO PREVENT OVERWRITING WHEN EXPORTING AGAIN -->
3<manifest xmlns:android="http://schemas.android.com/apk/res/android"
4    xmlns:tools="http://schemas.android.com/tools"
5    package="com.unity3d.player"
6    android:versionCode="1"
7    android:versionName="0.5" >
8
9    <uses-sdk
10        android:minSdkVersion="23"
10-->src\main\AndroidManifest.xml
11        android:targetSdkVersion="30" />
11-->src\main\AndroidManifest.xml
12
13    <uses-feature android:glEsVersion="0x00030000" />
13-->src\main\AndroidManifest.xml:42:5-54
13-->src\main\AndroidManifest.xml:42:19-51
14
15    <uses-permission android:name="android.permission.INTERNET" />
15-->src\main\AndroidManifest.xml:44:5-67
15-->src\main\AndroidManifest.xml:44:22-64
16    <uses-permission android:name="android.permission.RECORD_AUDIO" />
16-->src\main\AndroidManifest.xml:45:5-71
16-->src\main\AndroidManifest.xml:45:22-68
17    <uses-permission android:name="android.permission.MODIFY_AUDIO_SETTINGS" />
17-->src\main\AndroidManifest.xml:46:5-80
17-->src\main\AndroidManifest.xml:46:22-77
18    <uses-permission android:name="android.permission.BLUETOOTH" />
18-->src\main\AndroidManifest.xml:47:5-68
18-->src\main\AndroidManifest.xml:47:22-65
19
20    <uses-feature
20-->src\main\AndroidManifest.xml:49:5-51:36
21        android:name="android.hardware.microphone"
21-->src\main\AndroidManifest.xml:50:9-51
22        android:required="false" />
22-->src\main\AndroidManifest.xml:51:9-33
23    <uses-feature
23-->src\main\AndroidManifest.xml:52:5-54:36
24        android:name="android.hardware.touchscreen"
24-->src\main\AndroidManifest.xml:53:9-52
25        android:required="false" />
25-->src\main\AndroidManifest.xml:54:9-33
26    <uses-feature
26-->src\main\AndroidManifest.xml:55:5-57:36
27        android:name="android.hardware.touchscreen.multitouch"
27-->src\main\AndroidManifest.xml:56:9-63
28        android:required="false" />
28-->src\main\AndroidManifest.xml:57:9-33
29    <uses-feature
29-->src\main\AndroidManifest.xml:58:5-60:36
30        android:name="android.hardware.touchscreen.multitouch.distinct"
30-->src\main\AndroidManifest.xml:59:9-72
31        android:required="false" />
31-->src\main\AndroidManifest.xml:60:9-33
32
33    <uses-permission android:name="android.permission.CAMERA" />
33-->src\main\AndroidManifest.xml:62:5-65
33-->src\main\AndroidManifest.xml:62:22-62
34
35    <uses-feature
35-->src\main\AndroidManifest.xml:63:5-65:35
36        android:name="android.hardware.camera.ar"
36-->src\main\AndroidManifest.xml:64:9-50
37        android:required="true" />
37-->src\main\AndroidManifest.xml:65:9-32
38
39    <application>
39-->src\main\AndroidManifest.xml:6:5-41:19
40        <activity
40-->src\main\AndroidManifest.xml:7:9-21:20
41            android:name="com.unity3d.player.UnityPlayerActivity"
41-->src\main\AndroidManifest.xml:8:13-66
42            android:configChanges="mcc|mnc|locale|touchscreen|keyboard|keyboardHidden|navigation|orientation|screenLayout|uiMode|screenSize|smallestScreenSize|fontScale|layoutDirection|density"
42-->src\main\AndroidManifest.xml:9:13-194
43            android:hardwareAccelerated="false"
43-->src\main\AndroidManifest.xml:10:13-48
44            android:launchMode="singleTask"
44-->src\main\AndroidManifest.xml:11:13-44
45            android:screenOrientation="fullSensor"
45-->src\main\AndroidManifest.xml:12:13-51
46            android:theme="@style/UnityThemeSelector" >
46-->src\main\AndroidManifest.xml:13:13-54
47            <meta-data
47-->src\main\AndroidManifest.xml:15:13-17:40
48                android:name="unityplayer.UnityActivity"
48-->src\main\AndroidManifest.xml:16:17-57
49                android:value="true" />
49-->src\main\AndroidManifest.xml:17:17-37
50            <meta-data
50-->src\main\AndroidManifest.xml:18:13-20:40
51                android:name="android.notch_support"
51-->src\main\AndroidManifest.xml:19:17-53
52                android:value="true" />
52-->src\main\AndroidManifest.xml:20:17-37
53        </activity>
54
55        <meta-data
55-->src\main\AndroidManifest.xml:23:9-25:33
56            android:name="unity.splash-mode"
56-->src\main\AndroidManifest.xml:24:13-45
57            android:value="0" />
57-->src\main\AndroidManifest.xml:25:13-30
58        <meta-data
58-->src\main\AndroidManifest.xml:26:9-28:36
59            android:name="unity.splash-enable"
59-->src\main\AndroidManifest.xml:27:13-47
60            android:value="True" />
60-->src\main\AndroidManifest.xml:28:13-33
61        <meta-data
61-->src\main\AndroidManifest.xml:29:9-31:50
62            android:name="notch.config"
62-->src\main\AndroidManifest.xml:30:13-40
63            android:value="portrait|landscape" />
63-->src\main\AndroidManifest.xml:31:13-47
64        <meta-data
64-->src\main\AndroidManifest.xml:32:9-34:68
65            android:name="unity.build-id"
65-->src\main\AndroidManifest.xml:33:13-42
66            android:value="3d3f1148-22cc-4a92-aeef-e1f8704fd57d" />
66-->src\main\AndroidManifest.xml:34:13-65
67        <meta-data
67-->src\main\AndroidManifest.xml:35:9-37:36
68            android:name="unityplayer.SkipPermissionsDialog"
68-->src\main\AndroidManifest.xml:36:13-61
69            android:value="true" />
69-->src\main\AndroidManifest.xml:37:13-33
70        <meta-data
70-->src\main\AndroidManifest.xml:38:9-40:40
71            android:name="com.google.ar.core"
71-->src\main\AndroidManifest.xml:39:13-46
72            android:value="required" />
72-->src\main\AndroidManifest.xml:40:13-37
73    </application>
74
75</manifest>